# JRE version: OpenJDK Runtime Environment (16.0.1+9) (build 16.0.1+9-24)
# Java VM: OpenJDK 64-Bit Server VM (16.0.1+9-24, mixed mode, sharing, tiered, compressed oops, compressed class ptrs, g1 gc, windows-amd64)
GC Precious Log:
 CPUs: 6 total, 6 available
 Memory: 32687M
 Large Page Support: Disabled
 NUMA Support: Disabled
 Compressed Oops: Enabled (Zero based)
 Heap Region Size: 16M
 Heap Min Capacity: 16M
 Heap Initial Capacity: 512M
 Heap Max Capacity: 24G
 Pre-touch: Disabled
 Parallel Workers: 6
 Concurrent Workers: 2
 Concurrent Refinement Workers: 6
 Periodic GC: Disabled
Heap:
 garbage-first heap   total 7782400K, used 2387491K [0x0000000200000000, 0x0000000800000000)
  region size 16384K, 6 young (98304K), 3 survivors (49152K)
 Metaspace       used 39980K, committed 40384K, reserved 1089536K
  class space    used 4672K, committed 4864K, reserved 1048576K
GC Heap History (20 events):
Event: 21.487 GC heap before
{Heap before GC invocations=35 (full 0):
 garbage-first heap   total 2260992K, used 1637649K [0x0000000200000000, 0x0000000800000000)
  region size 16384K, 82 young (1343488K), 2 survivors (32768K)
 Metaspace       used 39133K, committed 39552K, reserved 1089536K
  class space    used 4560K, committed 4736K, reserved 1048576K
}
Event: 21.502 GC heap after
{Heap after GC invocations=36 (full 0):
 garbage-first heap   total 2260992K, used 327903K [0x0000000200000000, 0x0000000800000000)
  region size 16384K, 2 young (32768K), 2 survivors (32768K)
 Metaspace       used 39133K, committed 39552K, reserved 1089536K
  class space    used 4560K, committed 4736K, reserved 1048576K
}
Event: 22.166 GC heap before
{Heap before GC invocations=36 (full 0):
 garbage-first heap   total 2260992K, used 1638623K [0x0000000200000000, 0x0000000800000000)
  region size 16384K, 82 young (1343488K), 2 survivors (32768K)
 Metaspace       used 39133K, committed 39552K, reserved 1089536K
  class space    used 4560K, committed 4736K, reserved 1048576K
}
Event: 22.180 GC heap after
{Heap after GC invocations=37 (full 0):
 garbage-first heap   total 2260992K, used 331301K [0x0000000200000000, 0x0000000800000000)
  region size 16384K, 3 young (49152K), 3 survivors (49152K)
 Metaspace       used 39133K, committed 39552K, reserved 1089536K
  class space    used 4560K, committed 4736K, reserved 1048576K
}
Event: 22.823 GC heap before
{Heap before GC invocations=37 (full 0):
 garbage-first heap   total 2260992K, used 1625637K [0x0000000200000000, 0x0000000800000000)
  region size 16384K, 82 young (1343488K), 3 survivors (49152K)
 Metaspace       used 39139K, committed 39552K, reserved 1089536K
  class space    used 4560K, committed 4736K, reserved 1048576K
}
Event: 22.837 GC heap after
{Heap after GC invocations=38 (full 0):
 garbage-first heap   total 2260992K, used 332537K [0x0000000200000000, 0x0000000800000000)
  region size 16384K, 3 young (49152K), 3 survivors (49152K)
 Metaspace       used 39139K, committed 39552K, reserved 1089536K
  class space    used 4560K, committed 4736K, reserved 1048576K
}
Event: 23.492 GC heap before
{Heap before GC invocations=38 (full 0):
 garbage-first heap   total 2260992K, used 1626873K [0x0000000200000000, 0x0000000800000000)
  region size 16384K, 82 young (1343488K), 3 survivors (49152K)
 Metaspace       used 39139K, committed 39552K, reserved 1089536K
  class space    used 4560K, committed 4736K, reserved 1048576K
}
Event: 23.510 GC heap after
{Heap after GC invocations=39 (full 0):
 garbage-first heap   total 2719744K, used 335073K [0x0000000200000000, 0x0000000800000000)
  region size 16384K, 3 young (49152K), 3 survivors (49152K)
 Metaspace       used 39139K, committed 39552K, reserved 1089536K
  class space    used 4560K, committed 4736K, reserved 1048576K
}
Event: 24.375 GC heap before
{Heap before GC invocations=39 (full 0):
 garbage-first heap   total 2719744K, used 1907937K [0x0000000200000000, 0x0000000800000000)
  region size 16384K, 99 young (1622016K), 3 survivors (49152K)
 Metaspace       used 39139K, committed 39552K, reserved 1089536K
  class space    used 4560K, committed 4736K, reserved 1048576K
}
Event: 24.392 GC heap after
{Heap after GC invocations=40 (full 0):
 garbage-first heap   total 2719744K, used 337843K [0x0000000200000000, 0x0000000800000000)
  region size 16384K, 3 young (49152K), 3 survivors (49152K)
 Metaspace       used 39139K, committed 39552K, reserved 1089536K
  class space    used 4560K, committed 4736K, reserved 1048576K
}
Event: 24.961 GC heap before
{Heap before GC invocations=40 (full 0):
 garbage-first heap   total 2719744K, used 1910707K [0x0000000200000000, 0x0000000800000000)
  region size 16384K, 99 young (1622016K), 3 survivors (49152K)
 Metaspace       used 39848K, committed 40256K, reserved 1089536K
  class space    used 4651K, committed 4864K, reserved 1048576K
}
Event: 25.283 GC heap after
{Heap after GC invocations=41 (full 0):
 garbage-first heap   total 2850816K, used 1221003K [0x0000000200000000, 0x0000000800000000)
  region size 16384K, 13 young (212992K), 13 survivors (212992K)
 Metaspace       used 39848K, committed 40256K, reserved 1089536K
  class space    used 4651K, committed 4864K, reserved 1048576K
}
Event: 25.520 GC heap before
{Heap before GC invocations=41 (full 0):
 garbage-first heap   total 2850816K, used 1909131K [0x0000000200000000, 0x0000000800000000)
  region size 16384K, 55 young (901120K), 13 survivors (212992K)
 Metaspace       used 39848K, committed 40256K, reserved 1089536K
  class space    used 4651K, committed 4864K, reserved 1048576K
}
Event: 25.838 GC heap after
{Heap after GC invocations=42 (full 0):
 garbage-first heap   total 2850816K, used 1781752K [0x0000000200000000, 0x0000000800000000)
  region size 16384K, 7 young (114688K), 7 survivors (114688K)
 Metaspace       used 39848K, committed 40256K, reserved 1089536K
  class space    used 4651K, committed 4864K, reserved 1048576K
}
Event: 25.841 GC heap before
{Heap before GC invocations=42 (full 0):
 garbage-first heap   total 2850816K, used 1798136K [0x0000000200000000, 0x0000000800000000)
  region size 16384K, 8 young (131072K), 7 survivors (114688K)
 Metaspace       used 39848K, committed 40256K, reserved 1089536K
  class space    used 4651K, committed 4864K, reserved 1048576K
}
Event: 25.894 GC heap after
{Heap after GC invocations=43 (full 0):
 garbage-first heap   total 7782400K, used 1822712K [0x0000000200000000, 0x0000000800000000)
  region size 16384K, 1 young (16384K), 1 survivors (16384K)
 Metaspace       used 39848K, committed 40256K, reserved 1089536K
  class space    used 4651K, committed 4864K, reserved 1048576K
}
Event: 26.092 GC heap before
{Heap before GC invocations=43 (full 0):
 garbage-first heap   total 7782400K, used 2183160K [0x0000000200000000, 0x0000000800000000)
  region size 16384K, 23 young (376832K), 1 survivors (16384K)
 Metaspace       used 39848K, committed 40256K, reserved 1089536K
  class space    used 4651K, committed 4864K, reserved 1048576K
}
Event: 26.183 GC heap after
{Heap after GC invocations=44 (full 0):
 garbage-first heap   total 7782400K, used 2108997K [0x0000000200000000, 0x0000000800000000)
  region size 16384K, 3 young (49152K), 3 survivors (49152K)
 Metaspace       used 39848K, committed 40256K, reserved 1089536K
  class space    used 4651K, committed 4864K, reserved 1048576K
}
Event: 26.373 GC heap before
{Heap before GC invocations=44 (full 0):
 garbage-first heap   total 7782400K, used 2436677K [0x0000000200000000, 0x0000000800000000)
  region size 16384K, 23 young (376832K), 3 survivors (49152K)
 Metaspace       used 39980K, committed 40384K, reserved 1089536K
  class space    used 4672K, committed 4864K, reserved 1048576K
}
Event: 26.447 GC heap after
{Heap after GC invocations=45 (full 0):
 garbage-first heap   total 7782400K, used 2354723K [0x0000000200000000, 0x0000000800000000)
  region size 16384K, 3 young (49152K), 3 survivors (49152K)
 Metaspace       used 39980K, committed 40384K, reserved 1089536K
  class space    used 4672K, committed 4864K, reserved 1048576K
}

